Arguments: 
  /usr/local/Cellar/node/15.5.1/bin/node /usr/local/bin/yarn add gh-pages

PATH: 
  /usr/local/bin:/usr/bin:/bin:/usr/sbin:/sbin:/Library/Apple/usr/bin

Yarn version: 
  1.22.10

Node version: 
  15.5.1

Platform: 
  darwin x64

Trace: 
  Error: connect ECONNREFUSED 127.0.0.1:5000
      at TCPConnectWrap.afterConnect [as oncomplete] (node:net:1138:16)

npm manifest: 
  {
    "name": "todo",
    "version": "1.0.0",
    "description": "building todo app using mongodb, express, react and nodejs",
    "main": "index.js",
    "scripts": {
    "start": "node index.js",
    "start-watch": "nodemon index.js",
    "dev": "concurrently \"yarn run start-watch\" \"cd client && yarn start\""
    },
    "author": "Ojini Jude",
    "license": "MIT",
    "dependencies": {
    "body-parser": "^1.18.3",
    "dotenv": "^6.1.0",
    "express": "^4.16.4",
    "mongoose": "^5.3.6"
    },
    "devDependencies": {
    "concurrently": "^4.0.1",
    "nodemon": "^1.18.4",
    "proxy" : "http://localhost:5000"
    }
    }

yarn manifest: 
  No manifest

Lockfile: 
  No lockfile
